
   Program PERTURBO starts on 13Sep2023 at 19:29:19 

     Serial multi-threaded version, running on    2 processor cores
     calc_mode = 'trans-ita'
     --------------------------------------------------
     The si_epr.h5 HDF5 file was found and will be used in the calculation.

     band_min:    5  band_max:    6
     >loading kpt, tetra from si_tet.h5

     number of  tetrahedra selected:      11856
     number of   reducible k-points:       2919
     number of irreducible k-points:         99

     >finish init grid.
     >start scatter_setup
     No. of q-points and (k,q) pairs on each processor:
     Proc.   1:  #.q     19123 |  #.(k,q)     2247693
    |--------------------------------------------------|
     Computing EPhMatrix:                
           2.02%
           6.03%
          10.00%
          14.01%
          18.02%
          22.03%
          26.00%
          30.01%
          34.02%
          38.03%
          42.00%
          46.01%
          50.02%
          54.03%
          58.03%
          62.01%
          66.02%
          70.02%
          74.03%
          78.01%
          82.01%
          86.02%
          90.03%
          94.00%
          98.01%
         100.00%
    |--------------------------------------------------|
     >scatter_setup done.
      - Compute scattering rates on the fly.
     >finish init rates
     >start transport
     >progress: (current T / total T)
        1 /   5
        2 /   5
        3 /   5
        4 /   5
        5 /   5
     >finish transport.

     PERTURBO     :  16m19.92s CPU   8m16.05s WALL

     scat_setup   :    835.12s CPU    423.31s WALL (       1 calls)
     set_kq_pair  :      1.13s CPU      0.61s WALL (       1 calls)
     init_eph_wan :      0.28s CPU      2.84s WALL (       1 calls)
     compute_g2   :    833.44s CPU    419.21s WALL (       1 calls)
     load_eph_g2  :      0.24s CPU      0.44s WALL (       1 calls)

   Program was terminated on:  19:37:36  13Sep2023             
