
   Program PERTURBO starts on 19Sep2023 at  3: 6:32 

     Serial multi-threaded version, running on    4 processor cores
     calc_mode = 'dynamics-run'
     --------------------------------------------------
     The graphene_epr.h5 HDF5 file was found and will be used in the calculation.

     N.B.: current system is 2D.
     band_min:    2  band_max:    2
     >loading kpt, tetra from graphene_tet.h5

     number of  tetrahedra selected:       7464
     number of   reducible k-points:       1358
     number of irreducible k-points:        130

     >start scatter_setup
     No. of q-points and (k,q) pairs on each processor:
     Proc.   1:  #.q      3843 |  #.(k,q)      502064
     >scatter_setup done.
 | SVD found small singular value, Rejecting this shell and trying the next   |
 | SVD found small singular value, Rejecting this shell and trying the next   |
 | SVD found small singular value, Rejecting this shell and trying the next   |
 | SVD found small singular value, Rejecting this shell and trying the next   |
 | SVD found small singular value, Rejecting this shell and trying the next   |
 | SVD found small singular value, Rejecting this shell and trying the next   |
 | SVD found small singular value, Rejecting this shell and trying the next   |
 | SVD found small singular value, Rejecting this shell and trying the next   |
 | SVD found small singular value, Rejecting this shell and trying the next   |
 | SVD found small singular value, Rejecting this shell and trying the next   |
 | SVD found small singular value, Rejecting this shell and trying the next   |
 | SVD found small singular value, Rejecting this shell and trying the next   |
    |--------------------------------------------------|
     Carrier Dynamics:                   
          10.00%
          30.00%
          50.00%
          70.00%
          90.00%
         100.00%
    |--------------------------------------------------|

     PERTURBO     :  13m25.94s CPU   3m22.58s WALL

     scat_setup   :      0.72s CPU      0.37s WALL (       1 calls)
     set_kq_pair  :      0.53s CPU      0.13s WALL (       1 calls)
     load_eph_g2  :      0.16s CPU      0.21s WALL (       1 calls)
     dynamics_tot :    804.85s CPU    202.06s WALL (       1 calls)
     dynamics_col :    413.25s CPU    103.76s WALL (    4000 calls)
     dynamics_adv :      1.66s CPU      0.41s WALL (    4000 calls)
     norm_dist    :    130.76s CPU     32.80s WALL (    1000 calls)
     drift_accel  :    258.45s CPU     64.90s WALL (    1000 calls)

   Program was terminated on:   3: 9:54  19Sep2023             
