
   Program PERTURBO starts on 14Sep2023 at  8:34:22 

     Serial multi-threaded version, running on    4 processor cores
     calc_mode = 'trans-mag-ita'
     --------------------------------------------------
     The gaas_epr.h5 HDF5 file was found and will be used in the calculation.

     band_min:    5  band_max:    5
     >loading kpt, tetra from gaas_tet.h5

     number of  tetrahedra selected:       4224
     number of   reducible k-points:        941
     number of irreducible k-points:         69

     >finish init grid.
     >start scatter_setup
     No. of q-points and (k,q) pairs on each processor:
     Proc.   1:  #.q      3403 |  #.(k,q)      224651
     >scatter_setup done.
      - Compute scattering rates on the fly.
     >finish init rates
     >start transport
     >progress: (current T / total T)
        1 /   4
        2 /   4
        3 /   4
        4 /   4
     >finish transport.
 
     PERTURBO     :     11.12s CPU      3.43s WALL

     scat_setup   :      1.34s CPU      0.37s WALL (       1 calls)
     set_kq_pair  :      0.71s CPU      0.19s WALL (       1 calls)
     load_eph_g2  :      0.56s CPU      0.16s WALL (       1 calls)

   Program was terminated on:   8:34:25  14Sep2023             
