
   Program PERTURBO starts on 22Sep2023 at  2: 2:40 

     Serial multi-threaded version, running on    4 processor cores
     calc_mode = 'dynamics-run'
     --------------------------------------------------
     The gaas_epr.h5 HDF5 file was found and will be used in the calculation.

     band_min:    5  band_max:    5
     >loading kpt, tetra from gaas_tet.h5

     number of  tetrahedra selected:       8232
     number of   reducible k-points:       2103
     number of irreducible k-points:        154

     >start scatter_setup
     No. of q-points and (k,q) pairs on each processor:
     Proc.   1:  #.q        73 |  #.(k,q)        4729
     >scatter_setup done.
    |--------------------------------------------------|
     Carrier Dynamics:                   
          10.00%
          30.00%
          50.00%
          70.00%
          90.00%
         100.00%
    |--------------------------------------------------|
 
     PERTURBO     :      5.32s CPU      3.20s WALL

     scat_setup   :      0.58s CPU      0.46s WALL (       1 calls)
     set_kq_pair  :      0.32s CPU      0.19s WALL (       1 calls)
     load_eph_g2  :      0.26s CPU      0.26s WALL (       1 calls)
     dynamics_tot :      4.30s CPU      2.37s WALL (       1 calls)
     dynamics_col :      0.27s CPU      0.20s WALL (     100 calls)
     dynamics_adv :      0.04s CPU      0.03s WALL (     100 calls)
     norm_dist    :      3.97s CPU      2.11s WALL (     100 calls)

   Program was terminated on:   2: 2:43  22Sep2023             
