
   Program PERTURBO starts on 19Sep2023 at  2: 9:19 

     Serial multi-threaded version, running on    4 processor cores
     calc_mode = 'dynamics-pp'
     --------------------------------------------------
     The graphene_epr.h5 HDF5 file was found and will be used in the calculation.

     N.B.: current system is 2D.
     band_min:    2  band_max:    2
     >loading kpt, tetra from graphene_tet.h5

     number of  tetrahedra selected:      31560
     number of   reducible k-points:       5502
     number of irreducible k-points:        493

    |--------------------------------------------------|
     Carrier Dynamics - postproc:        
           3.64%
           7.27%
          10.91%
          14.55%
          18.18%
          23.64%
          27.27%
          30.91%
          34.55%
          38.18%
          43.64%
          47.27%
          50.91%
          54.55%
          58.18%
          63.64%
          67.27%
          70.91%
          74.55%
          78.18%
          83.64%
          87.27%
          90.91%
          94.55%
          98.18%
         100.00%
    |--------------------------------------------------|

     PERTURBO     :     26.99s CPU      6.82s WALL

     carrier_popu :     26.22s CPU      6.59s WALL (      56 calls)
     writing      :      0.20s CPU      0.05s WALL (      56 calls)

   Program was terminated on:   2: 9:26  19Sep2023             
