
   Program PERTURBO starts on 14Sep2023 at  8:28:43 

     Serial multi-threaded version, running on    4 processor cores
     calc_mode = 'trans-mag-rta'
     --------------------------------------------------
     The gaas_epr.h5 HDF5 file was found and will be used in the calculation.

     band_min:    5  band_max:    5
     >loading kpt, tetra from gaas_tet.h5

     number of  tetrahedra selected:       4224
     number of   reducible k-points:        941
     number of irreducible k-points:         69

     >finish init grid.
     >start scatter_setup
     No. of q-points and (k,q) pairs on each processor:
     Proc.   1:  #.q      3403 |  #.(k,q)      224651
    |--------------------------------------------------|
     Computing EPhMatrix:                
           2.02%
           6.06%
          10.10%
          14.03%
          18.07%
          22.10%
          26.04%
          30.07%
          34.01%
          38.04%
          42.08%
          46.01%
          50.05%
          54.09%
          58.02%
          62.06%
          66.10%
          70.03%
          74.07%
          78.00%
          82.04%
          86.08%
          90.01%
          94.05%
          98.09%
         100.00%
    |--------------------------------------------------|
     >scatter_setup done.
      - imsigma file not detected for RTA - computing scattering rates on the fly
     >finish init rates
     >start transport
     >progress: (current T / total T)
        1 /   4
        2 /   4
        3 /   4
        4 /   4
     >finish transport.
 
     PERTURBO     :  11m 4.34s CPU   2m50.24s WALL

     scat_setup   :    661.81s CPU    169.42s WALL (       1 calls)
     set_kq_pair  :      0.68s CPU      0.17s WALL (       1 calls)
     init_eph_wan :      1.17s CPU      2.86s WALL (       1 calls)
     compute_g2   :    659.84s CPU    166.14s WALL (       1 calls)
     load_eph_g2  :      0.10s CPU      0.14s WALL (       1 calls)

   Program was terminated on:   8:31:34  14Sep2023             
