
   Program PERTURBO starts on 13Sep2023 at 21:37:34 

     Serial multi-threaded version, running on    4 processor cores
     calc_mode = 'trans-rta'
     --------------------------------------------------
     The gaas_epr.h5 HDF5 file was found and will be used in the calculation.

     band_min:    5  band_max:    5
     >loading kpt, tetra from gaas_tet.h5

     number of  tetrahedra selected:       4224
     number of   reducible k-points:        941
     number of irreducible k-points:         69

     >finish init grid.
      - Read scattering rate from file: gaas.imsigma
     >finish init rates
     >start transport
     >progress: (current T / total T)
        1 /   4
        2 /   4
        3 /   4
        4 /   4
     >finish transport.
 
     PERTURBO     :      1.91s CPU      0.76s WALL


   Program was terminated on:  21:37:35  13Sep2023             
