
   Program PERTURBO starts on 16Sep2023 at 23:30:53 

     Serial multi-threaded version, running on    4 processor cores
     calc_mode = 'trans-ita'
     --------------------------------------------------
     The si_epr.h5 HDF5 file was found and will be used in the calculation.

     band_min:    5  band_max:    6
     >loading kpt, tetra from si_tet.h5

     number of  tetrahedra selected:      11856
     number of   reducible k-points:       2919
     number of irreducible k-points:         99

     >finish init grid.
     >start scatter_setup
     No. of q-points and (k,q) pairs on each processor:
     Proc.   1:  #.q     19123 |  #.(k,q)     2247693
    |--------------------------------------------------|
     Computing EPhMatrix:                
           2.02%
           6.03%
          10.00%
          14.01%
          18.02%
          22.03%
          26.00%
          30.01%
          34.02%
          38.03%
          42.00%
          46.01%
          50.02%
          54.03%
          58.03%
          62.01%
          66.02%
          70.02%
          74.03%
          78.01%
          82.01%
          86.02%
          90.03%
          94.00%
          98.01%
         100.00%
    |--------------------------------------------------|

     >excluding phonon modes:

        mode number | included/excluded (+/-)
        -------------------------------------
                 1  |            -
                 2  |            -
                 3  |            +
                 4  |            +
                 5  |            +
                 6  |            +
        -------------------------------------

     >scatter_setup done.
      - Compute scattering rates on the fly.
     >finish init rates
     >start transport
     >progress: (current T / total T)
        1 /   5
        2 /   5
        3 /   5
        4 /   5
        5 /   5
     >finish transport.

     PERTURBO     :  17m37.88s CPU   4m32.19s WALL

     scat_setup   :    929.96s CPU    239.94s WALL (       1 calls)
     set_kq_pair  :      1.17s CPU      0.32s WALL (       1 calls)
     init_eph_wan :      0.28s CPU      2.71s WALL (       1 calls)
     compute_g2   :    928.17s CPU    236.26s WALL (       1 calls)
     load_eph_g2  :      0.25s CPU      0.41s WALL (       1 calls)
     exclude_ph_m :      0.06s CPU      0.02s WALL (       1 calls)

   Program was terminated on:  23:35:25  16Sep2023             
