
   Program PERTURBO starts on 22Sep2023 at  2: 9:23 

     Serial multi-threaded version, running on    4 processor cores
     calc_mode = 'dynamics-pp'
     --------------------------------------------------
     The gaas_epr.h5 HDF5 file was found and will be used in the calculation.

     band_min:    5  band_max:    5
     >loading kpt, tetra from gaas_tet.h5

     number of  tetrahedra selected:       8232
     number of   reducible k-points:       2103
     number of irreducible k-points:        154

    |--------------------------------------------------|
     Carrier Dynamics - postproc:        
           2.22%
           6.11%
          10.00%
          14.44%
          18.33%
          22.22%
          26.11%
          30.00%
          34.44%
          38.33%
          42.22%
          46.11%
          50.00%
          54.44%
          58.33%
          62.22%
          66.11%
          70.00%
          74.44%
          78.33%
          82.22%
          86.11%
          90.00%
          94.44%
          98.33%
         100.00%
    |--------------------------------------------------|
 
     PERTURBO     :     14.36s CPU      7.77s WALL

     carrier_popu :      6.82s CPU      3.53s WALL (     181 calls)
     drift_vel    :      6.94s CPU      3.61s WALL (     181 calls)
     writing      :      0.14s CPU      0.19s WALL (     181 calls)

   Program was terminated on:   2: 9:31  22Sep2023             
